# JRE version: OpenJDK Runtime Environment Temurin-22.0.1+8 (22.0.1+8) (build 22.0.1+8)
# Java VM: OpenJDK 64-Bit Server VM Temurin-22.0.1+8 (22.0.1+8, mixed mode, emulated-client, tiered, compressed oops, compressed class ptrs, g1 gc, windows-amd64)
GC Precious Log:
 CardTable entry size: 512
 Card Set container configuration: InlinePtr #cards 4 size 8 Array Of Cards #cards 16 size 48 Howl #buckets 8 coarsen threshold 3686 Howl Bitmap #cards 512 size 80 coarsen threshold 460 Card regions per heap region 1 cards per card region 4096
 CPUs: 8 total, 8 available
 Memory: 16180M
 Large Page Support: Disabled
 NUMA Support: Disabled
 Compressed Oops: Enabled (Zero based)
 Heap Region Size: 2M
 Heap Min Capacity: 8M
 Heap Initial Capacity: 254M
 Heap Max Capacity: 4046M
 Pre-touch: Disabled
 Parallel Workers: 8
 Concurrent Workers: 2
 Concurrent Refinement Workers: 8
 Periodic GC: Disabled
Heap:
 garbage-first heap   total reserved 4143104K, committed 83968K, used 28195K [0x0000000703200000, 0x0000000800000000)
  region size 2048K, 3 young (6144K), 2 survivors (4096K)
 Metaspace       used 77530K, committed 78144K, reserved 1179648K
  class space    used 10341K, committed 10624K, reserved 1048576K
GC Heap History (20 events):
Event: 87306.782 GC heap before
{Heap before GC invocations=46 (full 1):
 garbage-first heap   total reserved 4143104K, committed 90112K, used 79575K [0x0000000703200000, 0x0000000800000000)
  region size 2048K, 26 young (53248K), 1 survivors (2048K)
 Metaspace       used 76650K, committed 77120K, reserved 1179648K
  class space    used 10211K, committed 10432K, reserved 1048576K
}
Event: 87306.810 GC heap after
{Heap after GC invocations=47 (full 1):
 garbage-first heap   total reserved 4143104K, committed 90112K, used 28345K [0x0000000703200000, 0x0000000800000000)
  region size 2048K, 1 young (2048K), 1 survivors (2048K)
 Metaspace       used 76650K, committed 77120K, reserved 1179648K
  class space    used 10211K, committed 10432K, reserved 1048576K
}
Event: 89154.668 GC heap before
{Heap before GC invocations=48 (full 1):
 garbage-first heap   total reserved 4143104K, committed 90112K, used 79545K [0x0000000703200000, 0x0000000800000000)
  region size 2048K, 26 young (53248K), 1 survivors (2048K)
 Metaspace       used 76634K, committed 77120K, reserved 1179648K
  class space    used 10206K, committed 10432K, reserved 1048576K
}
Event: 89154.726 GC heap after
{Heap after GC invocations=49 (full 1):
 garbage-first heap   total reserved 4143104K, committed 90112K, used 28681K [0x0000000703200000, 0x0000000800000000)
  region size 2048K, 1 young (2048K), 1 survivors (2048K)
 Metaspace       used 76634K, committed 77120K, reserved 1179648K
  class space    used 10206K, committed 10432K, reserved 1048576K
}
Event: 91210.698 GC heap before
{Heap before GC invocations=49 (full 1):
 garbage-first heap   total reserved 4143104K, committed 90112K, used 79881K [0x0000000703200000, 0x0000000800000000)
  region size 2048K, 26 young (53248K), 1 survivors (2048K)
 Metaspace       used 76634K, committed 77120K, reserved 1179648K
  class space    used 10206K, committed 10432K, reserved 1048576K
}
Event: 91210.761 GC heap after
{Heap after GC invocations=50 (full 1):
 garbage-first heap   total reserved 4143104K, committed 90112K, used 27879K [0x0000000703200000, 0x0000000800000000)
  region size 2048K, 1 young (2048K), 1 survivors (2048K)
 Metaspace       used 76634K, committed 77120K, reserved 1179648K
  class space    used 10206K, committed 10432K, reserved 1048576K
}
Event: 93253.637 GC heap before
{Heap before GC invocations=50 (full 1):
 garbage-first heap   total reserved 4143104K, committed 90112K, used 79079K [0x0000000703200000, 0x0000000800000000)
  region size 2048K, 26 young (53248K), 1 survivors (2048K)
 Metaspace       used 76634K, committed 77120K, reserved 1179648K
  class space    used 10206K, committed 10432K, reserved 1048576K
}
Event: 93253.726 GC heap after
{Heap after GC invocations=51 (full 1):
 garbage-first heap   total reserved 4143104K, committed 90112K, used 27893K [0x0000000703200000, 0x0000000800000000)
  region size 2048K, 1 young (2048K), 1 survivors (2048K)
 Metaspace       used 76634K, committed 77120K, reserved 1179648K
  class space    used 10206K, committed 10432K, reserved 1048576K
}
Event: 93425.357 GC heap before
{Heap before GC invocations=52 (full 1):
 garbage-first heap   total reserved 4143104K, committed 90112K, used 31989K [0x0000000703200000, 0x0000000800000000)
  region size 2048K, 4 young (8192K), 1 survivors (2048K)
 Metaspace       used 76644K, committed 77120K, reserved 1179648K
  class space    used 10209K, committed 10432K, reserved 1048576K
}
Event: 93425.603 GC heap after
{Heap after GC invocations=53 (full 2):
 garbage-first heap   total reserved 4143104K, committed 81920K, used 22381K [0x0000000703200000, 0x0000000800000000)
  region size 2048K, 0 young (0K), 0 survivors (0K)
 Metaspace       used 76618K, committed 77120K, reserved 1179648K
  class space    used 10202K, committed 10432K, reserved 1048576K
}
Event: 93426.835 GC heap before
{Heap before GC invocations=53 (full 2):
 garbage-first heap   total reserved 4143104K, committed 81920K, used 65389K [0x0000000703200000, 0x0000000800000000)
  region size 2048K, 22 young (45056K), 0 survivors (0K)
 Metaspace       used 76810K, committed 77376K, reserved 1179648K
  class space    used 10241K, committed 10496K, reserved 1048576K
}
Event: 93426.845 GC heap after
{Heap after GC invocations=54 (full 2):
 garbage-first heap   total reserved 4143104K, committed 81920K, used 26752K [0x0000000703200000, 0x0000000800000000)
  region size 2048K, 3 young (6144K), 3 survivors (6144K)
 Metaspace       used 76810K, committed 77376K, reserved 1179648K
  class space    used 10241K, committed 10496K, reserved 1048576K
}
Event: 93427.586 GC heap before
{Heap before GC invocations=55 (full 2):
 garbage-first heap   total reserved 4143104K, committed 81920K, used 67712K [0x0000000703200000, 0x0000000800000000)
  region size 2048K, 23 young (47104K), 3 survivors (6144K)
 Metaspace       used 77132K, committed 77696K, reserved 1179648K
  class space    used 10281K, committed 10560K, reserved 1048576K
}
Event: 93427.600 GC heap after
{Heap after GC invocations=56 (full 2):
 garbage-first heap   total reserved 4143104K, committed 83968K, used 30689K [0x0000000703200000, 0x0000000800000000)
  region size 2048K, 3 young (6144K), 3 survivors (6144K)
 Metaspace       used 77132K, committed 77696K, reserved 1179648K
  class space    used 10281K, committed 10560K, reserved 1048576K
}
Event: 93444.248 GC heap before
{Heap before GC invocations=56 (full 2):
 garbage-first heap   total reserved 4143104K, committed 83968K, used 36833K [0x0000000703200000, 0x0000000800000000)
  region size 2048K, 7 young (14336K), 3 survivors (6144K)
 Metaspace       used 77137K, committed 77760K, reserved 1179648K
  class space    used 10282K, committed 10560K, reserved 1048576K
}
Event: 93444.287 GC heap after
{Heap after GC invocations=57 (full 3):
 garbage-first heap   total reserved 4143104K, committed 83968K, used 24274K [0x0000000703200000, 0x0000000800000000)
  region size 2048K, 0 young (0K), 0 survivors (0K)
 Metaspace       used 77071K, committed 77760K, reserved 1179648K
  class space    used 10265K, committed 10560K, reserved 1048576K
}
Event: 93462.007 GC heap before
{Heap before GC invocations=57 (full 3):
 garbage-first heap   total reserved 4143104K, committed 83968K, used 67282K [0x0000000703200000, 0x0000000800000000)
  region size 2048K, 22 young (45056K), 0 survivors (0K)
 Metaspace       used 77421K, committed 77952K, reserved 1179648K
  class space    used 10325K, committed 10560K, reserved 1048576K
}
Event: 93462.010 GC heap after
{Heap after GC invocations=58 (full 3):
 garbage-first heap   total reserved 4143104K, committed 83968K, used 25390K [0x0000000703200000, 0x0000000800000000)
  region size 2048K, 1 young (2048K), 1 survivors (2048K)
 Metaspace       used 77421K, committed 77952K, reserved 1179648K
  class space    used 10325K, committed 10560K, reserved 1048576K
}
Event: 93496.261 GC heap before
{Heap before GC invocations=59 (full 3):
 garbage-first heap   total reserved 4143104K, committed 83968K, used 68398K [0x0000000703200000, 0x0000000800000000)
  region size 2048K, 23 young (47104K), 1 survivors (2048K)
 Metaspace       used 77524K, committed 78144K, reserved 1179648K
  class space    used 10340K, committed 10624K, reserved 1048576K
}
Event: 93496.265 GC heap after
{Heap after GC invocations=60 (full 3):
 garbage-first heap   total reserved 4143104K, committed 83968K, used 28195K [0x0000000703200000, 0x0000000800000000)
  region size 2048K, 2 young (4096K), 2 survivors (4096K)
 Metaspace       used 77524K, committed 78144K, reserved 1179648K
  class space    used 10340K, committed 10624K, reserved 1048576K
}

