# JRE version: OpenJDK Runtime Environment Temurin-22.0.1+8 (22.0.1+8) (build 22.0.1+8)
# Java VM: OpenJDK 64-Bit Server VM Temurin-22.0.1+8 (22.0.1+8, mixed mode, emulated-client, tiered, compressed oops, compressed class ptrs, g1 gc, windows-amd64)
GC Precious Log:
 CardTable entry size: 512
 Card Set container configuration: InlinePtr #cards 4 size 8 Array Of Cards #cards 16 size 48 Howl #buckets 8 coarsen threshold 3686 Howl Bitmap #cards 512 size 80 coarsen threshold 460 Card regions per heap region 1 cards per card region 4096
 CPUs: 8 total, 8 available
 Memory: 16180M
 Large Page Support: Disabled
 NUMA Support: Disabled
 Compressed Oops: Enabled (Zero based)
 Heap Region Size: 2M
 Heap Min Capacity: 8M
 Heap Initial Capacity: 254M
 Heap Max Capacity: 4046M
 Pre-touch: Disabled
 Parallel Workers: 8
 Concurrent Workers: 2
 Concurrent Refinement Workers: 8
 Periodic GC: Disabled
Heap:
 garbage-first heap   total reserved 4143104K, committed 81920K, used 69308K [0x0000000703200000, 0x0000000800000000)
  region size 2048K, 23 young (47104K), 0 survivors (0K)
 Metaspace       used 72630K, committed 73280K, reserved 1114112K
  class space    used 9682K, committed 9984K, reserved 1048576K
GC Heap History (20 events):
Event: 2.781 GC heap before
{Heap before GC invocations=10 (full 0):
 garbage-first heap   total reserved 4143104K, committed 61440K, used 43298K [0x0000000703200000, 0x0000000800000000)
  region size 2048K, 18 young (36864K), 4 survivors (8192K)
 Metaspace       used 38073K, committed 38400K, reserved 1114112K
  class space    used 4682K, committed 4800K, reserved 1048576K
}
Event: 2.786 GC heap after
{Heap after GC invocations=11 (full 0):
 garbage-first heap   total reserved 4143104K, committed 61440K, used 16403K [0x0000000703200000, 0x0000000800000000)
  region size 2048K, 2 young (4096K), 2 survivors (4096K)
 Metaspace       used 38073K, committed 38400K, reserved 1114112K
  class space    used 4682K, committed 4800K, reserved 1048576K
}
Event: 3.108 GC heap before
{Heap before GC invocations=11 (full 0):
 garbage-first heap   total reserved 4143104K, committed 61440K, used 49171K [0x0000000703200000, 0x0000000800000000)
  region size 2048K, 18 young (36864K), 2 survivors (4096K)
 Metaspace       used 40613K, committed 41088K, reserved 1114112K
  class space    used 4986K, committed 5184K, reserved 1048576K
}
Event: 3.111 GC heap after
{Heap after GC invocations=12 (full 0):
 garbage-first heap   total reserved 4143104K, committed 61440K, used 18174K [0x0000000703200000, 0x0000000800000000)
  region size 2048K, 2 young (4096K), 2 survivors (4096K)
 Metaspace       used 40613K, committed 41088K, reserved 1114112K
  class space    used 4986K, committed 5184K, reserved 1048576K
}
Event: 3.309 GC heap before
{Heap before GC invocations=12 (full 0):
 garbage-first heap   total reserved 4143104K, committed 61440K, used 48894K [0x0000000703200000, 0x0000000800000000)
  region size 2048K, 18 young (36864K), 2 survivors (4096K)
 Metaspace       used 43797K, committed 44224K, reserved 1114112K
  class space    used 5365K, committed 5568K, reserved 1048576K
}
Event: 3.313 GC heap after
{Heap after GC invocations=13 (full 0):
 garbage-first heap   total reserved 4143104K, committed 61440K, used 19464K [0x0000000703200000, 0x0000000800000000)
  region size 2048K, 2 young (4096K), 2 survivors (4096K)
 Metaspace       used 43797K, committed 44224K, reserved 1114112K
  class space    used 5365K, committed 5568K, reserved 1048576K
}
Event: 3.705 GC heap before
{Heap before GC invocations=13 (full 0):
 garbage-first heap   total reserved 4143104K, committed 61440K, used 52232K [0x0000000703200000, 0x0000000800000000)
  region size 2048K, 18 young (36864K), 2 survivors (4096K)
 Metaspace       used 49617K, committed 50048K, reserved 1114112K
  class space    used 6093K, committed 6272K, reserved 1048576K
}
Event: 3.709 GC heap after
{Heap after GC invocations=14 (full 0):
 garbage-first heap   total reserved 4143104K, committed 161792K, used 20789K [0x0000000703200000, 0x0000000800000000)
  region size 2048K, 3 young (6144K), 3 survivors (6144K)
 Metaspace       used 49617K, committed 50048K, reserved 1114112K
  class space    used 6093K, committed 6272K, reserved 1048576K
}
Event: 4.496 GC heap before
{Heap before GC invocations=14 (full 0):
 garbage-first heap   total reserved 4143104K, committed 161792K, used 110901K [0x0000000703200000, 0x0000000800000000)
  region size 2048K, 47 young (96256K), 3 survivors (6144K)
 Metaspace       used 58628K, committed 59072K, reserved 1114112K
  class space    used 7631K, committed 7808K, reserved 1048576K
}
Event: 4.501 GC heap after
{Heap after GC invocations=15 (full 0):
 garbage-first heap   total reserved 4143104K, committed 161792K, used 23164K [0x0000000703200000, 0x0000000800000000)
  region size 2048K, 4 young (8192K), 4 survivors (8192K)
 Metaspace       used 58628K, committed 59072K, reserved 1114112K
  class space    used 7631K, committed 7808K, reserved 1048576K
}
Event: 4.658 GC heap before
{Heap before GC invocations=15 (full 0):
 garbage-first heap   total reserved 4143104K, committed 161792K, used 37500K [0x0000000703200000, 0x0000000800000000)
  region size 2048K, 12 young (24576K), 4 survivors (8192K)
 Metaspace       used 59788K, committed 60160K, reserved 1114112K
  class space    used 7843K, committed 8000K, reserved 1048576K
}
Event: 4.662 GC heap after
{Heap after GC invocations=16 (full 0):
 garbage-first heap   total reserved 4143104K, committed 161792K, used 23074K [0x0000000703200000, 0x0000000800000000)
  region size 2048K, 4 young (8192K), 4 survivors (8192K)
 Metaspace       used 59788K, committed 60160K, reserved 1114112K
  class space    used 7843K, committed 8000K, reserved 1048576K
}
Event: 4.993 GC heap before
{Heap before GC invocations=17 (full 0):
 garbage-first heap   total reserved 4143104K, committed 81920K, used 64034K [0x0000000703200000, 0x0000000800000000)
  region size 2048K, 24 young (49152K), 4 survivors (8192K)
 Metaspace       used 63382K, committed 63872K, reserved 1114112K
  class space    used 8328K, committed 8512K, reserved 1048576K
}
Event: 4.999 GC heap after
{Heap after GC invocations=18 (full 0):
 garbage-first heap   total reserved 4143104K, committed 81920K, used 24936K [0x0000000703200000, 0x0000000800000000)
  region size 2048K, 3 young (6144K), 3 survivors (6144K)
 Metaspace       used 63382K, committed 63872K, reserved 1114112K
  class space    used 8328K, committed 8512K, reserved 1048576K
}
Event: 5.289 GC heap before
{Heap before GC invocations=18 (full 0):
 garbage-first heap   total reserved 4143104K, committed 81920K, used 67944K [0x0000000703200000, 0x0000000800000000)
  region size 2048K, 24 young (49152K), 3 survivors (6144K)
 Metaspace       used 66228K, committed 66752K, reserved 1114112K
  class space    used 8758K, committed 9024K, reserved 1048576K
}
Event: 5.293 GC heap after
{Heap after GC invocations=19 (full 0):
 garbage-first heap   total reserved 4143104K, committed 81920K, used 25978K [0x0000000703200000, 0x0000000800000000)
  region size 2048K, 2 young (4096K), 2 survivors (4096K)
 Metaspace       used 66228K, committed 66752K, reserved 1114112K
  class space    used 8758K, committed 9024K, reserved 1048576K
}
Event: 5.718 GC heap before
{Heap before GC invocations=19 (full 0):
 garbage-first heap   total reserved 4143104K, committed 81920K, used 71034K [0x0000000703200000, 0x0000000800000000)
  region size 2048K, 24 young (49152K), 2 survivors (4096K)
 Metaspace       used 69439K, committed 70016K, reserved 1114112K
  class space    used 9244K, committed 9472K, reserved 1048576K
}
Event: 5.722 GC heap after
{Heap after GC invocations=20 (full 0):
 garbage-first heap   total reserved 4143104K, committed 81920K, used 28591K [0x0000000703200000, 0x0000000800000000)
  region size 2048K, 3 young (6144K), 3 survivors (6144K)
 Metaspace       used 69439K, committed 70016K, reserved 1114112K
  class space    used 9244K, committed 9472K, reserved 1048576K
}
Event: 155.702 GC heap before
{Heap before GC invocations=20 (full 0):
 garbage-first heap   total reserved 4143104K, committed 81920K, used 63407K [0x0000000703200000, 0x0000000800000000)
  region size 2048K, 21 young (43008K), 3 survivors (6144K)
 Metaspace       used 72504K, committed 73088K, reserved 1114112K
  class space    used 9667K, committed 9920K, reserved 1048576K
}
Event: 155.734 GC heap after
{Heap after GC invocations=21 (full 1):
 garbage-first heap   total reserved 4143104K, committed 81920K, used 24252K [0x0000000703200000, 0x0000000800000000)
  region size 2048K, 0 young (0K), 0 survivors (0K)
 Metaspace       used 72504K, committed 73088K, reserved 1114112K
  class space    used 9667K, committed 9920K, reserved 1048576K
}

