# JRE version: OpenJDK Runtime Environment Temurin-22.0.1+8 (22.0.1+8) (build 22.0.1+8)
# Java VM: OpenJDK 64-Bit Server VM Temurin-22.0.1+8 (22.0.1+8, mixed mode, emulated-client, tiered, compressed oops, compressed class ptrs, g1 gc, windows-amd64)
GC Precious Log:
 CardTable entry size: 512
 Card Set container configuration: InlinePtr #cards 4 size 8 Array Of Cards #cards 16 size 48 Howl #buckets 8 coarsen threshold 3686 Howl Bitmap #cards 512 size 80 coarsen threshold 460 Card regions per heap region 1 cards per card region 4096
 CPUs: 8 total, 8 available
 Memory: 16180M
 Large Page Support: Disabled
 NUMA Support: Disabled
 Compressed Oops: Enabled (Zero based)
 Heap Region Size: 2M
 Heap Min Capacity: 8M
 Heap Initial Capacity: 254M
 Heap Max Capacity: 4046M
 Pre-touch: Disabled
 Parallel Workers: 8
 Concurrent Workers: 2
 Concurrent Refinement Workers: 8
 Periodic GC: Disabled
Heap:
 garbage-first heap   total reserved 4143104K, committed 133120K, used 117004K [0x0000000703200000, 0x0000000800000000)
  region size 2048K, 31 young (63488K), 3 survivors (6144K)
 Metaspace       used 111396K, committed 113088K, reserved 1179648K
  class space    used 13271K, committed 14016K, reserved 1048576K
GC Heap History (20 events):
Event: 34027.222 GC heap after
{Heap after GC invocations=350 (full 48):
 garbage-first heap   total reserved 4143104K, committed 110592K, used 44482K [0x0000000703200000, 0x0000000800000000)
  region size 2048K, 3 young (6144K), 3 survivors (6144K)
 Metaspace       used 108896K, committed 110592K, reserved 1179648K
  class space    used 13063K, committed 13824K, reserved 1048576K
}
Event: 34052.475 GC heap before
{Heap before GC invocations=351 (full 48):
 garbage-first heap   total reserved 4143104K, committed 110592K, used 91586K [0x0000000703200000, 0x0000000800000000)
  region size 2048K, 26 young (53248K), 3 survivors (6144K)
 Metaspace       used 109126K, committed 110784K, reserved 1179648K
  class space    used 13078K, committed 13824K, reserved 1048576K
}
Event: 34052.478 GC heap after
{Heap after GC invocations=352 (full 48):
 garbage-first heap   total reserved 4143104K, committed 110592K, used 44504K [0x0000000703200000, 0x0000000800000000)
  region size 2048K, 2 young (4096K), 2 survivors (4096K)
 Metaspace       used 109126K, committed 110784K, reserved 1179648K
  class space    used 13078K, committed 13824K, reserved 1048576K
}
Event: 34052.887 GC heap before
{Heap before GC invocations=352 (full 48):
 garbage-first heap   total reserved 4143104K, committed 110592K, used 91608K [0x0000000703200000, 0x0000000800000000)
  region size 2048K, 26 young (53248K), 2 survivors (4096K)
 Metaspace       used 109333K, committed 110976K, reserved 1179648K
  class space    used 13101K, committed 13824K, reserved 1048576K
}
Event: 34052.891 GC heap after
{Heap after GC invocations=353 (full 48):
 garbage-first heap   total reserved 4143104K, committed 110592K, used 47514K [0x0000000703200000, 0x0000000800000000)
  region size 2048K, 4 young (8192K), 4 survivors (8192K)
 Metaspace       used 109333K, committed 110976K, reserved 1179648K
  class space    used 13101K, committed 13824K, reserved 1048576K
}
Event: 34057.784 GC heap before
{Heap before GC invocations=353 (full 48):
 garbage-first heap   total reserved 4143104K, committed 110592K, used 88474K [0x0000000703200000, 0x0000000800000000)
  region size 2048K, 25 young (51200K), 4 survivors (8192K)
 Metaspace       used 109571K, committed 111296K, reserved 1179648K
  class space    used 13120K, committed 13888K, reserved 1048576K
}
Event: 34057.789 GC heap after
{Heap after GC invocations=354 (full 48):
 garbage-first heap   total reserved 4143104K, committed 133120K, used 48590K [0x0000000703200000, 0x0000000800000000)
  region size 2048K, 3 young (6144K), 3 survivors (6144K)
 Metaspace       used 109571K, committed 111296K, reserved 1179648K
  class space    used 13120K, committed 13888K, reserved 1048576K
}
Event: 34063.020 GC heap before
{Heap before GC invocations=355 (full 48):
 garbage-first heap   total reserved 4143104K, committed 133120K, used 116174K [0x0000000703200000, 0x0000000800000000)
  region size 2048K, 36 young (73728K), 3 survivors (6144K)
 Metaspace       used 109917K, committed 111616K, reserved 1179648K
  class space    used 13148K, committed 13888K, reserved 1048576K
}
Event: 34063.027 GC heap after
{Heap after GC invocations=356 (full 48):
 garbage-first heap   total reserved 4143104K, committed 133120K, used 50140K [0x0000000703200000, 0x0000000800000000)
  region size 2048K, 4 young (8192K), 4 survivors (8192K)
 Metaspace       used 109917K, committed 111616K, reserved 1179648K
  class space    used 13148K, committed 13888K, reserved 1048576K
}
Event: 34092.989 GC heap before
{Heap before GC invocations=356 (full 48):
 garbage-first heap   total reserved 4143104K, committed 133120K, used 109532K [0x0000000703200000, 0x0000000800000000)
  region size 2048K, 34 young (69632K), 4 survivors (8192K)
 Metaspace       used 110076K, committed 111808K, reserved 1179648K
  class space    used 13168K, committed 13952K, reserved 1048576K
}
Event: 34092.993 GC heap after
{Heap after GC invocations=357 (full 48):
 garbage-first heap   total reserved 4143104K, committed 133120K, used 53053K [0x0000000703200000, 0x0000000800000000)
  region size 2048K, 4 young (8192K), 4 survivors (8192K)
 Metaspace       used 110076K, committed 111808K, reserved 1179648K
  class space    used 13168K, committed 13952K, reserved 1048576K
}
Event: 34113.273 GC heap before
{Heap before GC invocations=357 (full 48):
 garbage-first heap   total reserved 4143104K, committed 133120K, used 114493K [0x0000000703200000, 0x0000000800000000)
  region size 2048K, 34 young (69632K), 4 survivors (8192K)
 Metaspace       used 110346K, committed 112064K, reserved 1179648K
  class space    used 13189K, committed 13952K, reserved 1048576K
}
Event: 34113.278 GC heap after
{Heap after GC invocations=358 (full 48):
 garbage-first heap   total reserved 4143104K, committed 133120K, used 54957K [0x0000000703200000, 0x0000000800000000)
  region size 2048K, 3 young (6144K), 3 survivors (6144K)
 Metaspace       used 110346K, committed 112064K, reserved 1179648K
  class space    used 13189K, committed 13952K, reserved 1048576K
}
Event: 34120.853 GC heap before
{Heap before GC invocations=359 (full 48):
 garbage-first heap   total reserved 4143104K, committed 133120K, used 116397K [0x0000000703200000, 0x0000000800000000)
  region size 2048K, 33 young (67584K), 3 survivors (6144K)
 Metaspace       used 110622K, committed 112320K, reserved 1179648K
  class space    used 13198K, committed 13952K, reserved 1048576K
}
Event: 34120.857 GC heap after
{Heap after GC invocations=360 (full 48):
 garbage-first heap   total reserved 4143104K, committed 133120K, used 55887K [0x0000000703200000, 0x0000000800000000)
  region size 2048K, 4 young (8192K), 4 survivors (8192K)
 Metaspace       used 110622K, committed 112320K, reserved 1179648K
  class space    used 13198K, committed 13952K, reserved 1048576K
}
Event: 34123.766 GC heap before
{Heap before GC invocations=360 (full 48):
 garbage-first heap   total reserved 4143104K, committed 133120K, used 113231K [0x0000000703200000, 0x0000000800000000)
  region size 2048K, 32 young (65536K), 4 survivors (8192K)
 Metaspace       used 110874K, committed 112576K, reserved 1179648K
  class space    used 13225K, committed 14016K, reserved 1048576K
}
Event: 34123.771 GC heap after
{Heap after GC invocations=361 (full 48):
 garbage-first heap   total reserved 4143104K, committed 133120K, used 57895K [0x0000000703200000, 0x0000000800000000)
  region size 2048K, 4 young (8192K), 4 survivors (8192K)
 Metaspace       used 110874K, committed 112576K, reserved 1179648K
  class space    used 13225K, committed 14016K, reserved 1048576K
}
Event: 34148.053 GC heap before
{Heap before GC invocations=361 (full 48):
 garbage-first heap   total reserved 4143104K, committed 133120K, used 113191K [0x0000000703200000, 0x0000000800000000)
  region size 2048K, 32 young (65536K), 4 survivors (8192K)
 Metaspace       used 111062K, committed 112768K, reserved 1179648K
  class space    used 13247K, committed 14016K, reserved 1048576K
}
Event: 34148.058 GC heap after
{Heap after GC invocations=362 (full 48):
 garbage-first heap   total reserved 4143104K, committed 133120K, used 59660K [0x0000000703200000, 0x0000000800000000)
  region size 2048K, 3 young (6144K), 3 survivors (6144K)
 Metaspace       used 111062K, committed 112768K, reserved 1179648K
  class space    used 13247K, committed 14016K, reserved 1048576K
}
Event: 34160.810 GC heap before
{Heap before GC invocations=363 (full 48):
 garbage-first heap   total reserved 4143104K, committed 133120K, used 114956K [0x0000000703200000, 0x0000000800000000)
  region size 2048K, 31 young (63488K), 3 survivors (6144K)
 Metaspace       used 111396K, committed 113088K, reserved 1179648K
  class space    used 13271K, committed 14016K, reserved 1048576K
}

