# JRE version: OpenJDK Runtime Environment Temurin-22.0.1+8 (22.0.1+8) (build 22.0.1+8)
# Java VM: OpenJDK 64-Bit Server VM Temurin-22.0.1+8 (22.0.1+8, mixed mode, emulated-client, tiered, compressed oops, compressed class ptrs, g1 gc, windows-amd64)
GC Precious Log:
 CardTable entry size: 512
 Card Set container configuration: InlinePtr #cards 4 size 8 Array Of Cards #cards 16 size 48 Howl #buckets 8 coarsen threshold 3686 Howl Bitmap #cards 512 size 80 coarsen threshold 460 Card regions per heap region 1 cards per card region 4096
 CPUs: 8 total, 8 available
 Memory: 16180M
 Large Page Support: Disabled
 NUMA Support: Disabled
 Compressed Oops: Enabled (Zero based)
 Heap Region Size: 2M
 Heap Min Capacity: 8M
 Heap Initial Capacity: 254M
 Heap Max Capacity: 4046M
 Pre-touch: Disabled
 Parallel Workers: 8
 Concurrent Workers: 2
 Concurrent Refinement Workers: 8
 Periodic GC: Disabled
Heap:
 garbage-first heap   total reserved 4143104K, committed 96256K, used 74103K [0x0000000703200000, 0x0000000800000000)
  region size 2048K, 25 young (51200K), 2 survivors (4096K)
 Metaspace       used 85202K, committed 86144K, reserved 1179648K
  class space    used 11070K, committed 11520K, reserved 1048576K
GC Heap History (20 events):
Event: 241035.324 GC heap before
{Heap before GC invocations=96 (full 19):
 garbage-first heap   total reserved 4143104K, committed 96256K, used 85780K [0x0000000703200000, 0x0000000800000000)
  region size 2048K, 27 young (55296K), 1 survivors (2048K)
 Metaspace       used 84164K, committed 85184K, reserved 1179648K
  class space    used 10873K, committed 11264K, reserved 1048576K
}
Event: 241035.392 GC heap after
{Heap after GC invocations=97 (full 19):
 garbage-first heap   total reserved 4143104K, committed 96256K, used 32479K [0x0000000703200000, 0x0000000800000000)
  region size 2048K, 1 young (2048K), 1 survivors (2048K)
 Metaspace       used 84164K, committed 85184K, reserved 1179648K
  class space    used 10873K, committed 11264K, reserved 1048576K
}
Event: 242705.660 GC heap before
{Heap before GC invocations=97 (full 19):
 garbage-first heap   total reserved 4143104K, committed 96256K, used 85727K [0x0000000703200000, 0x0000000800000000)
  region size 2048K, 27 young (55296K), 1 survivors (2048K)
 Metaspace       used 84186K, committed 85184K, reserved 1179648K
  class space    used 10879K, committed 11264K, reserved 1048576K
}
Event: 242705.720 GC heap after
{Heap after GC invocations=98 (full 19):
 garbage-first heap   total reserved 4143104K, committed 96256K, used 32023K [0x0000000703200000, 0x0000000800000000)
  region size 2048K, 1 young (2048K), 1 survivors (2048K)
 Metaspace       used 84186K, committed 85184K, reserved 1179648K
  class space    used 10879K, committed 11264K, reserved 1048576K
}
Event: 244483.181 GC heap before
{Heap before GC invocations=98 (full 19):
 garbage-first heap   total reserved 4143104K, committed 96256K, used 85271K [0x0000000703200000, 0x0000000800000000)
  region size 2048K, 27 young (55296K), 1 survivors (2048K)
 Metaspace       used 84186K, committed 85184K, reserved 1179648K
  class space    used 10879K, committed 11264K, reserved 1048576K
}
Event: 244483.267 GC heap after
{Heap after GC invocations=99 (full 19):
 garbage-first heap   total reserved 4143104K, committed 96256K, used 32294K [0x0000000703200000, 0x0000000800000000)
  region size 2048K, 1 young (2048K), 1 survivors (2048K)
 Metaspace       used 84186K, committed 85184K, reserved 1179648K
  class space    used 10879K, committed 11264K, reserved 1048576K
}
Event: 246262.047 GC heap before
{Heap before GC invocations=100 (full 19):
 garbage-first heap   total reserved 4143104K, committed 96256K, used 85542K [0x0000000703200000, 0x0000000800000000)
  region size 2048K, 27 young (55296K), 1 survivors (2048K)
 Metaspace       used 84177K, committed 85184K, reserved 1179648K
  class space    used 10876K, committed 11264K, reserved 1048576K
}
Event: 246262.120 GC heap after
{Heap after GC invocations=101 (full 19):
 garbage-first heap   total reserved 4143104K, committed 96256K, used 32353K [0x0000000703200000, 0x0000000800000000)
  region size 2048K, 1 young (2048K), 1 survivors (2048K)
 Metaspace       used 84177K, committed 85184K, reserved 1179648K
  class space    used 10876K, committed 11264K, reserved 1048576K
}
Event: 247875.934 GC heap before
{Heap before GC invocations=101 (full 19):
 garbage-first heap   total reserved 4143104K, committed 96256K, used 85601K [0x0000000703200000, 0x0000000800000000)
  region size 2048K, 27 young (55296K), 1 survivors (2048K)
 Metaspace       used 84416K, committed 85248K, reserved 1179648K
  class space    used 10944K, committed 11328K, reserved 1048576K
}
Event: 247876.009 GC heap after
{Heap after GC invocations=102 (full 19):
 garbage-first heap   total reserved 4143104K, committed 96256K, used 32385K [0x0000000703200000, 0x0000000800000000)
  region size 2048K, 1 young (2048K), 1 survivors (2048K)
 Metaspace       used 84416K, committed 85248K, reserved 1179648K
  class space    used 10944K, committed 11328K, reserved 1048576K
}
Event: 249671.388 GC heap before
{Heap before GC invocations=102 (full 19):
 garbage-first heap   total reserved 4143104K, committed 96256K, used 85633K [0x0000000703200000, 0x0000000800000000)
  region size 2048K, 27 young (55296K), 1 survivors (2048K)
 Metaspace       used 84416K, committed 85248K, reserved 1179648K
  class space    used 10944K, committed 11328K, reserved 1048576K
}
Event: 249671.474 GC heap after
{Heap after GC invocations=103 (full 19):
 garbage-first heap   total reserved 4143104K, committed 96256K, used 32251K [0x0000000703200000, 0x0000000800000000)
  region size 2048K, 1 young (2048K), 1 survivors (2048K)
 Metaspace       used 84416K, committed 85248K, reserved 1179648K
  class space    used 10944K, committed 11328K, reserved 1048576K
}
Event: 250774.316 GC heap before
{Heap before GC invocations=104 (full 19):
 garbage-first heap   total reserved 4143104K, committed 96256K, used 69115K [0x0000000703200000, 0x0000000800000000)
  region size 2048K, 20 young (40960K), 1 survivors (2048K)
 Metaspace       used 84423K, committed 85312K, reserved 1179648K
  class space    used 10946K, committed 11328K, reserved 1048576K
}
Event: 250775.067 GC heap after
{Heap after GC invocations=105 (full 20):
 garbage-first heap   total reserved 4143104K, committed 96256K, used 28111K [0x0000000703200000, 0x0000000800000000)
  region size 2048K, 0 young (0K), 0 survivors (0K)
 Metaspace       used 84388K, committed 85312K, reserved 1179648K
  class space    used 10936K, committed 11328K, reserved 1048576K
}
Event: 250829.262 GC heap before
{Heap before GC invocations=105 (full 20):
 garbage-first heap   total reserved 4143104K, committed 96256K, used 83407K [0x0000000703200000, 0x0000000800000000)
  region size 2048K, 28 young (57344K), 0 survivors (0K)
 Metaspace       used 84811K, committed 85760K, reserved 1179648K
  class space    used 11014K, committed 11456K, reserved 1048576K
}
Event: 250829.277 GC heap after
{Heap after GC invocations=106 (full 20):
 garbage-first heap   total reserved 4143104K, committed 96256K, used 30947K [0x0000000703200000, 0x0000000800000000)
  region size 2048K, 2 young (4096K), 2 survivors (4096K)
 Metaspace       used 84811K, committed 85760K, reserved 1179648K
  class space    used 11014K, committed 11456K, reserved 1048576K
}
Event: 250882.429 GC heap before
{Heap before GC invocations=107 (full 20):
 garbage-first heap   total reserved 4143104K, committed 96256K, used 80099K [0x0000000703200000, 0x0000000800000000)
  region size 2048K, 26 young (53248K), 2 survivors (4096K)
 Metaspace       used 84944K, committed 85888K, reserved 1179648K
  class space    used 11033K, committed 11456K, reserved 1048576K
}
Event: 250882.433 GC heap after
{Heap after GC invocations=108 (full 20):
 garbage-first heap   total reserved 4143104K, committed 96256K, used 31249K [0x0000000703200000, 0x0000000800000000)
  region size 2048K, 2 young (4096K), 2 survivors (4096K)
 Metaspace       used 84944K, committed 85888K, reserved 1179648K
  class space    used 11033K, committed 11456K, reserved 1048576K
}
Event: 250958.755 GC heap before
{Heap before GC invocations=108 (full 20):
 garbage-first heap   total reserved 4143104K, committed 96256K, used 80401K [0x0000000703200000, 0x0000000800000000)
  region size 2048K, 26 young (53248K), 2 survivors (4096K)
 Metaspace       used 85061K, committed 86016K, reserved 1179648K
  class space    used 11051K, committed 11456K, reserved 1048576K
}
Event: 250958.761 GC heap after
{Heap after GC invocations=109 (full 20):
 garbage-first heap   total reserved 4143104K, committed 96256K, used 31095K [0x0000000703200000, 0x0000000800000000)
  region size 2048K, 2 young (4096K), 2 survivors (4096K)
 Metaspace       used 85061K, committed 86016K, reserved 1179648K
  class space    used 11051K, committed 11456K, reserved 1048576K
}

